2015-10-15 20:24:13 =CRASH REPORT====
  crasher:
    initial call: gen_nb_server:init/1
    pid: <0.131.0>
    registered_name: riak_core_handoff_listener
    exception exit: {{bad_return_value,{error,eaddrinuse}},[{gen_server,init_it,6,[{file,"gen_server.erl"},{line,332}]},{proc_lib,init_p_do_apply,3,[{file,"proc_lib.erl"},{line,239}]}]}
    ancestors: [riak_core_handoff_listener_sup,riak_core_handoff_sup,riak_core_sup,<0.120.0>]
    messages: []
    links: [<0.130.0>,<0.132.0>]
    dictionary: []
    trap_exit: false
    status: running
    heap_size: 610
    stack_size: 27
    reductions: 505
  neighbours:
    neighbour: [{pid,<0.132.0>},{registered_name,riak_kv_handoff_listener},{initial_call,{process_proxy,init,['Argument__1']}},{current_function,{process_proxy,loop,1}},{ancestors,[riak_core_handoff_listener,riak_core_handoff_listener_sup,riak_core_handoff_sup,riak_core_sup,<0.120.0>]},{messages,[]},{links,[<0.131.0>]},{dictionary,[]},{trap_exit,false},{status,waiting},{heap_size,233},{stack_size,4},{reductions,12}]
2015-10-15 20:24:13 =SUPERVISOR REPORT====
     Supervisor: {local,riak_core_handoff_listener_sup}
     Context:    start_error
     Reason:     {bad_return_value,{error,eaddrinuse}}
     Offender:   [{pid,undefined},{name,riak_core_handoff_listener},{mfargs,{riak_core_handoff_listener,start_link,[]}},{restart_type,permanent},{shutdown,brutal_kill},{child_type,worker}]

2015-10-15 20:24:13 =SUPERVISOR REPORT====
     Supervisor: {local,riak_core_handoff_sup}
     Context:    start_error
     Reason:     {shutdown,{failed_to_start_child,riak_core_handoff_listener,{bad_return_value,{error,eaddrinuse}}}}
     Offender:   [{pid,undefined},{name,riak_core_handoff_listener_sup},{mfargs,{riak_core_handoff_listener_sup,start_link,[]}},{restart_type,permanent},{shutdown,brutal_kill},{child_type,supervisor}]

2015-10-15 20:24:13 =SUPERVISOR REPORT====
     Supervisor: {local,riak_core_sup}
     Context:    start_error
     Reason:     {shutdown,{failed_to_start_child,riak_core_handoff_listener_sup,{shutdown,{failed_to_start_child,riak_core_handoff_listener,{bad_return_value,{error,eaddrinuse}}}}}}
     Offender:   [{pid,undefined},{name,riak_core_handoff_sup},{mfargs,{riak_core_handoff_sup,start_link,[]}},{restart_type,permanent},{shutdown,5000},{child_type,supervisor}]

2015-10-15 20:24:13 =CRASH REPORT====
  crasher:
    initial call: application_master:init/4
    pid: <0.119.0>
    registered_name: []
    exception exit: {{{shutdown,{failed_to_start_child,riak_core_handoff_sup,{shutdown,{failed_to_start_child,riak_core_handoff_listener_sup,{shutdown,{failed_to_start_child,riak_core_handoff_listener,{bad_return_value,{error,eaddrinuse}}}}}}}},{riak_core_app,start,[normal,[]]}},[{application_master,init,4,[{file,"application_master.erl"},{line,133}]},{proc_lib,init_p_do_apply,3,[{file,"proc_lib.erl"},{line,239}]}]}
    ancestors: [<0.118.0>]
    messages: [{'EXIT',<0.120.0>,normal}]
    links: [<0.118.0>,<0.7.0>]
    dictionary: []
    trap_exit: true
    status: running
    heap_size: 376
    stack_size: 27
    reductions: 135
  neighbours:
2015-10-16 08:33:01 =CRASH REPORT====
  crasher:
    initial call: gen_nb_server:init/1
    pid: <0.131.0>
    registered_name: riak_core_handoff_listener
    exception exit: {{bad_return_value,{error,eaddrinuse}},[{gen_server,init_it,6,[{file,"gen_server.erl"},{line,332}]},{proc_lib,init_p_do_apply,3,[{file,"proc_lib.erl"},{line,239}]}]}
    ancestors: [riak_core_handoff_listener_sup,riak_core_handoff_sup,riak_core_sup,<0.120.0>]
    messages: []
    links: [<0.130.0>,<0.132.0>]
    dictionary: []
    trap_exit: false
    status: running
    heap_size: 610
    stack_size: 27
    reductions: 505
  neighbours:
    neighbour: [{pid,<0.132.0>},{registered_name,riak_kv_handoff_listener},{initial_call,{process_proxy,init,['Argument__1']}},{current_function,{process_proxy,loop,1}},{ancestors,[riak_core_handoff_listener,riak_core_handoff_listener_sup,riak_core_handoff_sup,riak_core_sup,<0.120.0>]},{messages,[]},{links,[<0.131.0>]},{dictionary,[]},{trap_exit,false},{status,waiting},{heap_size,233},{stack_size,4},{reductions,12}]
2015-10-16 08:33:01 =SUPERVISOR REPORT====
     Supervisor: {local,riak_core_handoff_listener_sup}
     Context:    start_error
     Reason:     {bad_return_value,{error,eaddrinuse}}
     Offender:   [{pid,undefined},{name,riak_core_handoff_listener},{mfargs,{riak_core_handoff_listener,start_link,[]}},{restart_type,permanent},{shutdown,brutal_kill},{child_type,worker}]

2015-10-16 08:33:01 =SUPERVISOR REPORT====
     Supervisor: {local,riak_core_handoff_sup}
     Context:    start_error
     Reason:     {shutdown,{failed_to_start_child,riak_core_handoff_listener,{bad_return_value,{error,eaddrinuse}}}}
     Offender:   [{pid,undefined},{name,riak_core_handoff_listener_sup},{mfargs,{riak_core_handoff_listener_sup,start_link,[]}},{restart_type,permanent},{shutdown,brutal_kill},{child_type,supervisor}]

2015-10-16 08:33:01 =SUPERVISOR REPORT====
     Supervisor: {local,riak_core_sup}
     Context:    start_error
     Reason:     {shutdown,{failed_to_start_child,riak_core_handoff_listener_sup,{shutdown,{failed_to_start_child,riak_core_handoff_listener,{bad_return_value,{error,eaddrinuse}}}}}}
     Offender:   [{pid,undefined},{name,riak_core_handoff_sup},{mfargs,{riak_core_handoff_sup,start_link,[]}},{restart_type,permanent},{shutdown,5000},{child_type,supervisor}]

2015-10-16 08:33:01 =CRASH REPORT====
  crasher:
    initial call: application_master:init/4
    pid: <0.119.0>
    registered_name: []
    exception exit: {{{shutdown,{failed_to_start_child,riak_core_handoff_sup,{shutdown,{failed_to_start_child,riak_core_handoff_listener_sup,{shutdown,{failed_to_start_child,riak_core_handoff_listener,{bad_return_value,{error,eaddrinuse}}}}}}}},{riak_core_app,start,[normal,[]]}},[{application_master,init,4,[{file,"application_master.erl"},{line,133}]},{proc_lib,init_p_do_apply,3,[{file,"proc_lib.erl"},{line,239}]}]}
    ancestors: [<0.118.0>]
    messages: [{'EXIT',<0.120.0>,normal}]
    links: [<0.118.0>,<0.7.0>]
    dictionary: []
    trap_exit: true
    status: running
    heap_size: 376
    stack_size: 27
    reductions: 135
  neighbours:
2015-10-16 08:34:12 =CRASH REPORT====
  crasher:
    initial call: gen_nb_server:init/1
    pid: <0.131.0>
    registered_name: riak_core_handoff_listener
    exception exit: {{bad_return_value,{error,eaddrinuse}},[{gen_server,init_it,6,[{file,"gen_server.erl"},{line,332}]},{proc_lib,init_p_do_apply,3,[{file,"proc_lib.erl"},{line,239}]}]}
    ancestors: [riak_core_handoff_listener_sup,riak_core_handoff_sup,riak_core_sup,<0.120.0>]
    messages: []
    links: [<0.130.0>,<0.132.0>]
    dictionary: []
    trap_exit: false
    status: running
    heap_size: 610
    stack_size: 27
    reductions: 505
  neighbours:
    neighbour: [{pid,<0.132.0>},{registered_name,riak_kv_handoff_listener},{initial_call,{process_proxy,init,['Argument__1']}},{current_function,{process_proxy,loop,1}},{ancestors,[riak_core_handoff_listener,riak_core_handoff_listener_sup,riak_core_handoff_sup,riak_core_sup,<0.120.0>]},{messages,[]},{links,[<0.131.0>]},{dictionary,[]},{trap_exit,false},{status,waiting},{heap_size,233},{stack_size,4},{reductions,12}]
2015-10-16 08:34:12 =SUPERVISOR REPORT====
     Supervisor: {local,riak_core_handoff_listener_sup}
     Context:    start_error
     Reason:     {bad_return_value,{error,eaddrinuse}}
     Offender:   [{pid,undefined},{name,riak_core_handoff_listener},{mfargs,{riak_core_handoff_listener,start_link,[]}},{restart_type,permanent},{shutdown,brutal_kill},{child_type,worker}]

2015-10-16 08:34:12 =SUPERVISOR REPORT====
     Supervisor: {local,riak_core_handoff_sup}
     Context:    start_error
     Reason:     {shutdown,{failed_to_start_child,riak_core_handoff_listener,{bad_return_value,{error,eaddrinuse}}}}
     Offender:   [{pid,undefined},{name,riak_core_handoff_listener_sup},{mfargs,{riak_core_handoff_listener_sup,start_link,[]}},{restart_type,permanent},{shutdown,brutal_kill},{child_type,supervisor}]

2015-10-16 08:34:12 =SUPERVISOR REPORT====
     Supervisor: {local,riak_core_sup}
     Context:    start_error
     Reason:     {shutdown,{failed_to_start_child,riak_core_handoff_listener_sup,{shutdown,{failed_to_start_child,riak_core_handoff_listener,{bad_return_value,{error,eaddrinuse}}}}}}
     Offender:   [{pid,undefined},{name,riak_core_handoff_sup},{mfargs,{riak_core_handoff_sup,start_link,[]}},{restart_type,permanent},{shutdown,5000},{child_type,supervisor}]

2015-10-16 08:34:12 =CRASH REPORT====
  crasher:
    initial call: application_master:init/4
    pid: <0.119.0>
    registered_name: []
    exception exit: {{{shutdown,{failed_to_start_child,riak_core_handoff_sup,{shutdown,{failed_to_start_child,riak_core_handoff_listener_sup,{shutdown,{failed_to_start_child,riak_core_handoff_listener,{bad_return_value,{error,eaddrinuse}}}}}}}},{riak_core_app,start,[normal,[]]}},[{application_master,init,4,[{file,"application_master.erl"},{line,133}]},{proc_lib,init_p_do_apply,3,[{file,"proc_lib.erl"},{line,239}]}]}
    ancestors: [<0.118.0>]
    messages: [{'EXIT',<0.120.0>,normal}]
    links: [<0.118.0>,<0.7.0>]
    dictionary: []
    trap_exit: true
    status: running
    heap_size: 376
    stack_size: 27
    reductions: 135
  neighbours:
2015-10-16 08:41:09 =CRASH REPORT====
  crasher:
    initial call: gen_nb_server:init/1
    pid: <0.131.0>
    registered_name: riak_core_handoff_listener
    exception exit: {{bad_return_value,{error,eaddrinuse}},[{gen_server,init_it,6,[{file,"gen_server.erl"},{line,332}]},{proc_lib,init_p_do_apply,3,[{file,"proc_lib.erl"},{line,239}]}]}
    ancestors: [riak_core_handoff_listener_sup,riak_core_handoff_sup,riak_core_sup,<0.120.0>]
    messages: []
    links: [<0.130.0>,<0.132.0>]
    dictionary: []
    trap_exit: false
    status: running
    heap_size: 610
    stack_size: 27
    reductions: 501
  neighbours:
    neighbour: [{pid,<0.132.0>},{registered_name,riak_kv_handoff_listener},{initial_call,{process_proxy,init,['Argument__1']}},{current_function,{process_proxy,loop,1}},{ancestors,[riak_core_handoff_listener,riak_core_handoff_listener_sup,riak_core_handoff_sup,riak_core_sup,<0.120.0>]},{messages,[]},{links,[<0.131.0>]},{dictionary,[]},{trap_exit,false},{status,waiting},{heap_size,233},{stack_size,4},{reductions,12}]
2015-10-16 08:41:09 =SUPERVISOR REPORT====
     Supervisor: {local,riak_core_handoff_listener_sup}
     Context:    start_error
     Reason:     {bad_return_value,{error,eaddrinuse}}
     Offender:   [{pid,undefined},{name,riak_core_handoff_listener},{mfargs,{riak_core_handoff_listener,start_link,[]}},{restart_type,permanent},{shutdown,brutal_kill},{child_type,worker}]

2015-10-16 08:41:09 =SUPERVISOR REPORT====
     Supervisor: {local,riak_core_handoff_sup}
     Context:    start_error
     Reason:     {shutdown,{failed_to_start_child,riak_core_handoff_listener,{bad_return_value,{error,eaddrinuse}}}}
     Offender:   [{pid,undefined},{name,riak_core_handoff_listener_sup},{mfargs,{riak_core_handoff_listener_sup,start_link,[]}},{restart_type,permanent},{shutdown,brutal_kill},{child_type,supervisor}]

2015-10-16 08:41:09 =SUPERVISOR REPORT====
     Supervisor: {local,riak_core_sup}
     Context:    start_error
     Reason:     {shutdown,{failed_to_start_child,riak_core_handoff_listener_sup,{shutdown,{failed_to_start_child,riak_core_handoff_listener,{bad_return_value,{error,eaddrinuse}}}}}}
     Offender:   [{pid,undefined},{name,riak_core_handoff_sup},{mfargs,{riak_core_handoff_sup,start_link,[]}},{restart_type,permanent},{shutdown,5000},{child_type,supervisor}]

2015-10-16 08:41:09 =CRASH REPORT====
  crasher:
    initial call: application_master:init/4
    pid: <0.119.0>
    registered_name: []
    exception exit: {{{shutdown,{failed_to_start_child,riak_core_handoff_sup,{shutdown,{failed_to_start_child,riak_core_handoff_listener_sup,{shutdown,{failed_to_start_child,riak_core_handoff_listener,{bad_return_value,{error,eaddrinuse}}}}}}}},{riak_core_app,start,[normal,[]]}},[{application_master,init,4,[{file,"application_master.erl"},{line,133}]},{proc_lib,init_p_do_apply,3,[{file,"proc_lib.erl"},{line,239}]}]}
    ancestors: [<0.118.0>]
    messages: [{'EXIT',<0.120.0>,normal}]
    links: [<0.118.0>,<0.7.0>]
    dictionary: []
    trap_exit: true
    status: running
    heap_size: 376
    stack_size: 27
    reductions: 135
  neighbours:
2015-10-16 08:41:38 =CRASH REPORT====
  crasher:
    initial call: riak_core_metadata_hashtree:init/1
    pid: <0.143.0>
    registered_name: []
    exception exit: {{{badmatch,{error,{error_db_destroy,"IO error: ./data/cluster_meta/trees/LOCK: Permission denied"}}},[{hashtree,destroy,1,[{file,"src/hashtree.erl"},{line,275}]},{hashtree_tree,create_node,2,[{file,"src/hashtree_tree.erl"},{line,463}]},{hashtree_tree,new,2,[{file,"src/hashtree_tree.erl"},{line,193}]},{riak_core_metadata_hashtree,init,1,[{file,"src/riak_core_metadata_hashtree.erl"},{line,172}]},{gen_server,init_it,6,[{file,"gen_server.erl"},{line,304}]},{proc_lib,init_p_do_apply,3,[{file,"proc_lib.erl"},{line,239}]}]},[{gen_server,init_it,6,[{file,"gen_server.erl"},{line,328}]},{proc_lib,init_p_do_apply,3,[{file,"proc_lib.erl"},{line,239}]}]}
    ancestors: [riak_core_sup,<0.120.0>]
    messages: []
    links: [<0.121.0>]
    dictionary: []
    trap_exit: false
    status: running
    heap_size: 987
    stack_size: 27
    reductions: 167
  neighbours:
2015-10-16 08:41:38 =SUPERVISOR REPORT====
     Supervisor: {local,riak_core_sup}
     Context:    start_error
     Reason:     {{badmatch,{error,{error_db_destroy,"IO error: ./data/cluster_meta/trees/LOCK: Permission denied"}}},[{hashtree,destroy,1,[{file,"src/hashtree.erl"},{line,275}]},{hashtree_tree,create_node,2,[{file,"src/hashtree_tree.erl"},{line,463}]},{hashtree_tree,new,2,[{file,"src/hashtree_tree.erl"},{line,193}]},{riak_core_metadata_hashtree,init,1,[{file,"src/riak_core_metadata_hashtree.erl"},{line,172}]},{gen_server,init_it,6,[{file,"gen_server.erl"},{line,304}]},{proc_lib,init_p_do_apply,3,[{file,"proc_lib.erl"},{line,239}]}]}
     Offender:   [{pid,undefined},{name,riak_core_metadata_hashtree},{mfargs,{riak_core_metadata_hashtree,start_link,[]}},{restart_type,permanent},{shutdown,5000},{child_type,worker}]

2015-10-16 08:41:38 =CRASH REPORT====
  crasher:
    initial call: application_master:init/4
    pid: <0.119.0>
    registered_name: []
    exception exit: {{{shutdown,{failed_to_start_child,riak_core_metadata_hashtree,{{badmatch,{error,{error_db_destroy,"IO error: ./data/cluster_meta/trees/LOCK: Permission denied"}}},[{hashtree,destroy,1,[{file,"src/hashtree.erl"},{line,275}]},{hashtree_tree,create_node,2,[{file,"src/hashtree_tree.erl"},{line,463}]},{hashtree_tree,new,2,[{file,"src/hashtree_tree.erl"},{line,193}]},{riak_core_metadata_hashtree,init,1,[{file,"src/riak_core_metadata_hashtree.erl"},{line,172}]},{gen_server,init_it,6,[{file,"gen_server.erl"},{line,304}]},{proc_lib,init_p_do_apply,3,[{file,"proc_lib.erl"},{line,239}]}]}}},{riak_core_app,start,[normal,[]]}},[{application_master,init,4,[{file,"application_master.erl"},{line,133}]},{proc_lib,init_p_do_apply,3,[{file,"proc_lib.erl"},{line,239}]}]}
    ancestors: [<0.118.0>]
    messages: [{'EXIT',<0.120.0>,normal}]
    links: [<0.118.0>,<0.7.0>]
    dictionary: []
    trap_exit: true
    status: running
    heap_size: 987
    stack_size: 27
    reductions: 169
  neighbours:
